{
  "RSpec": {
    "coverage": {
      "/Users/Socks/code/soniamontero/www/app/models/admin.rb": [
        1,
        1,
        null
      ],
      "/Users/Socks/code/soniamontero/www/app/models/application_record.rb": [
        1,
        1,
        null
      ],
      "/Users/Socks/code/soniamontero/www/app/models/developer.rb": [
        1,
        1,
        1,
        1,
        1,
        1,
        1,
        null,
        1,
        1,
        1,
        1,
        1,
        1,
        1,
        1,
        1,
        1,
        1,
        null,
        1,
        null,
        1,
        5,
        0,
        null,
        null,
        1,
        8,
        null,
        null,
        1,
        8,
        null,
        null,
        1,
        23,
        null,
        null,
        1,
        2,
        null,
        null,
        1,
        31,
        null,
        null,
        1,
        31,
        31,
        null,
        null,
        null,
        1,
        3,
        3,
        3,
        3,
        null,
        null,
        1,
        0,
        null,
        null,
        null,
        1,
        31,
        0,
        null,
        null,
        null,
        1,
        66,
        null,
        null,
        1,
        66,
        null,
        66,
        14,
        null,
        52,
        52,
        7,
        null,
        null,
        null,
        66,
        null,
        66,
        null,
        null,
        null,
        1,
        14,
        30,
        null,
        null,
        null,
        null,
        1,
        0,
        0,
        0,
        0,
        0,
        0,
        0,
        0,
        0,
        null,
        null,
        0,
        0,
        null,
        null,
        null,
        null,
        null
      ],
      "/Users/Socks/code/soniamontero/www/app/models/recruiter.rb": [
        1,
        1,
        null,
        1,
        1,
        1,
        1,
        null,
        1,
        8,
        null,
        null,
        1,
        8,
        0,
        null,
        null,
        null,
        1,
        0,
        null,
        null,
        null
      ],
      "/Users/Socks/code/soniamontero/www/app/helpers/admin_helper.rb": [
        1,
        null
      ],
      "/Users/Socks/code/soniamontero/www/app/helpers/admin/dashboard_helper.rb": [
        1,
        null
      ],
      "/Users/Socks/code/soniamontero/www/app/helpers/application_helper.rb": [
        1,
        null
      ],
      "/Users/Socks/code/soniamontero/www/app/helpers/companies_helper.rb": [
        1,
        null
      ],
      "/Users/Socks/code/soniamontero/www/app/helpers/developers_helper.rb": [
        1,
        null
      ],
      "/Users/Socks/code/soniamontero/www/app/helpers/jobs_helper.rb": [
        1,
        null
      ],
      "/Users/Socks/code/soniamontero/www/app/helpers/meta_tags_helper.rb": [
        1,
        1,
        138,
        null,
        138,
        null,
        null
      ],
      "/Users/Socks/code/soniamontero/www/app/helpers/skills_helper.rb": [
        1,
        null
      ],
      "/Users/Socks/code/soniamontero/www/app/helpers/stripe_helper.rb": [
        1,
        null
      ],
      "/Users/Socks/code/soniamontero/www/app/helpers/subscribers_helper.rb": [
        1,
        null
      ],
      "/Users/Socks/code/soniamontero/www/app/models/company.rb": [
        1,
        1,
        1,
        1,
        167,
        null,
        1,
        null,
        1,
        null,
        null,
        1,
        73,
        73,
        73,
        73,
        null,
        null,
        1,
        5,
        5,
        5,
        null,
        null,
        1,
        0,
        null,
        null,
        1,
        5,
        null,
        null,
        1,
        3,
        null,
        1,
        null,
        2,
        null,
        0,
        null,
        null,
        null,
        1,
        4,
        null,
        null,
        1,
        null,
        null,
        2,
        14,
        22,
        null,
        null
      ],
      "/Users/Socks/code/soniamontero/www/app/models/job.rb": [
        1,
        1,
        1,
        1,
        1,
        1,
        1,
        1,
        1,
        1,
        1,
        1,
        1,
        1,
        80,
        1,
        null,
        1,
        null,
        70,
        1,
        24,
        16,
        null,
        8,
        null,
        null,
        15,
        53,
        10,
        67,
        1,
        2,
        1,
        1,
        1,
        1,
        null,
        18,
        null,
        1,
        1,
        null,
        null,
        1,
        0,
        null,
        null,
        1,
        79,
        79,
        null,
        null,
        1,
        79,
        null,
        null,
        1,
        1,
        0,
        null,
        null,
        null,
        null
      ],
      "/Users/Socks/code/soniamontero/www/app/controllers/pages_controller.rb": [
        1,
        null,
        1,
        1,
        1,
        null,
        0,
        null,
        null,
        null,
        1,
        null,
        null,
        1,
        null,
        0,
        null,
        null,
        null,
        1,
        null,
        1,
        1,
        null,
        null
      ],
      "/Users/Socks/code/soniamontero/www/app/controllers/application_controller.rb": [
        1,
        1,
        null,
        1,
        null,
        1,
        119,
        null,
        null,
        1,
        55,
        null,
        null,
        1,
        null,
        null,
        null,
        null,
        null,
        23,
        null,
        null,
        null,
        null,
        1,
        0,
        0,
        0,
        null,
        null,
        1,
        0,
        0,
        0,
        0,
        null,
        null,
        null,
        1,
        0,
        null,
        null,
        1,
        654,
        null,
        null
      ],
      "/Users/Socks/code/soniamontero/www/app/controllers/registrations_controller.rb": [
        1,
        null,
        1,
        null,
        1,
        0,
        null,
        null,
        null
      ],
      "/Users/Socks/code/soniamontero/www/app/mailers/devise_mailer.rb": [
        1,
        1,
        null
      ],
      "/Users/Socks/code/soniamontero/www/app/controllers/developers_controller.rb": [
        1,
        1,
        1,
        null,
        1,
        0,
        null,
        null,
        1,
        4,
        null,
        null,
        1,
        3,
        null,
        null,
        1,
        3,
        3,
        0,
        null,
        3,
        3,
        3,
        3,
        2,
        null,
        1,
        null,
        null,
        null,
        null,
        1,
        14,
        14,
        14,
        14,
        14,
        14,
        14,
        14,
        14,
        14,
        14,
        14,
        0,
        0,
        0,
        0,
        null,
        14,
        43,
        null,
        null,
        1,
        19,
        4,
        15,
        1,
        null,
        null,
        null,
        1,
        null,
        1,
        6,
        null,
        null,
        null
      ],
      "/Users/Socks/code/soniamontero/www/app/controllers/confirmations_controller.rb": [
        1,
        null,
        1,
        null,
        1,
        1,
        1,
        null,
        0,
        null,
        null,
        null
      ],
      "/Users/Socks/code/soniamontero/www/app/models/competence.rb": [
        1,
        1,
        36,
        null
      ],
      "/Users/Socks/code/soniamontero/www/app/models/skill.rb": [
        1,
        1,
        1,
        1,
        1,
        null,
        1,
        4,
        2,
        2,
        2,
        3,
        null,
        2,
        null,
        2,
        2,
        2,
        3,
        3,
        3,
        3,
        3,
        null,
        null,
        2,
        null,
        null,
        null
      ],
      "/Users/Socks/code/soniamontero/www/app/controllers/api/skills_controller.rb": [
        1,
        1,
        null,
        1,
        0,
        null,
        null,
        1,
        4,
        null,
        4,
        2,
        2,
        null,
        2,
        2,
        null,
        null,
        null,
        1,
        0,
        0,
        0,
        0,
        null,
        0,
        0,
        null,
        null,
        null,
        1,
        null,
        1,
        4,
        4,
        null,
        null,
        1,
        4,
        null,
        null
      ],
      "/Users/Socks/code/soniamontero/www/app/models/subscriber.rb": [
        1,
        1,
        1,
        null,
        1,
        null,
        1,
        null,
        1,
        1,
        1,
        1,
        1,
        null,
        null,
        null,
        null,
        null,
        null,
        null,
        null,
        1,
        null,
        null,
        1,
        null,
        1,
        1,
        1,
        1,
        0,
        0,
        0,
        null,
        null,
        0,
        null,
        null,
        null,
        1,
        1,
        1,
        1,
        null,
        null
      ],
      "/Users/Socks/code/soniamontero/www/app/models/match.rb": [
        1,
        1,
        1,
        1,
        1,
        1,
        null,
        1,
        30,
        0,
        null,
        null,
        null,
        null
      ],
      "/Users/Socks/code/soniamontero/www/app/models/application.rb": [
        1,
        1,
        null,
        1,
        1,
        1,
        1,
        1,
        null,
        6,
        null,
        null
      ],
      "/Users/Socks/code/soniamontero/www/app/models/plan.rb": [
        1,
        1,
        null
      ],
      "/Users/Socks/code/soniamontero/www/app/controllers/companies_controller.rb": [
        1,
        1,
        1,
        null,
        1,
        4,
        4,
        null,
        null,
        1,
        null,
        null,
        1,
        2,
        2,
        null,
        2,
        2,
        2,
        2,
        0,
        null,
        4,
        null,
        null,
        0,
        null,
        null,
        null,
        null,
        1,
        0,
        0,
        0,
        null,
        0,
        null,
        null,
        null,
        null,
        1,
        9,
        9,
        4,
        null,
        5,
        null,
        null,
        1,
        null,
        1,
        9,
        null,
        null,
        1,
        2,
        2,
        2,
        null,
        null,
        1,
        4,
        0,
        null,
        null,
        null,
        1,
        2,
        null,
        null,
        null
      ],
      "/Users/Socks/code/soniamontero/www/app/mailers/company_mailer.rb": [
        1,
        1,
        null,
        null,
        null,
        1,
        2,
        2,
        null,
        null,
        null,
        1,
        0,
        0,
        0,
        0,
        null,
        null,
        null,
        1,
        0,
        0,
        0,
        0,
        0,
        null,
        null,
        null,
        null,
        null,
        null,
        null
      ],
      "/Users/Socks/code/soniamontero/www/app/mailers/application_mailer.rb": [
        1,
        1,
        1,
        null
      ],
      "/Users/Socks/code/soniamontero/www/app/controllers/subscribers_controller.rb": [
        1,
        1,
        1,
        null,
        1,
        3,
        3,
        null,
        null,
        1,
        1,
        1,
        null,
        1,
        0,
        0,
        null,
        null,
        1,
        null,
        1,
        null,
        1,
        null,
        1,
        1,
        null,
        0,
        null,
        null,
        null,
        1,
        1,
        1,
        1,
        1,
        1,
        null,
        0,
        null,
        1,
        null,
        null,
        null,
        1,
        null,
        1,
        7,
        null,
        null,
        1,
        null,
        null,
        null,
        null,
        null,
        1,
        null,
        0,
        0,
        0,
        null,
        null
      ],
      "/Users/Socks/code/soniamontero/www/app/controllers/jobs_controller.rb": [
        1,
        1,
        1,
        1,
        null,
        1,
        3,
        3,
        null,
        null,
        1,
        1,
        1,
        1,
        1,
        1,
        1,
        1,
        1,
        2,
        0,
        0,
        null,
        null,
        0,
        null,
        null,
        null,
        null,
        1,
        1,
        null,
        1,
        1,
        0,
        null,
        1,
        1,
        0,
        1,
        2,
        null,
        null,
        0,
        0,
        0,
        0,
        null,
        null,
        null,
        null,
        null,
        null,
        1,
        null,
        1,
        4,
        null,
        null,
        1,
        4,
        0,
        null,
        null,
        null,
        1,
        3,
        null,
        null,
        null,
        null,
        null,
        null,
        null,
        null,
        null,
        null,
        null,
        null,
        null,
        null,
        null,
        null,
        1,
        1,
        null,
        null
      ],
      "/Users/Socks/code/soniamontero/www/app/models/benefit.rb": [
        1,
        null
      ],
      "/Users/Socks/code/soniamontero/www/app/models/culture.rb": [
        1,
        null
      ],
      "/Users/Socks/code/soniamontero/www/app/mailers/developer_mailer.rb": [
        0,
        0,
        null,
        null,
        null,
        0,
        0,
        0,
        0,
        0,
        null,
        0,
        0,
        0,
        0,
        0,
        0,
        null,
        0,
        0,
        0,
        0,
        0,
        0,
        null,
        0
      ],
      "/Users/Socks/code/soniamontero/www/app/controllers/applications_controller.rb": [
        0,
        0,
        0,
        0,
        0,
        0,
        null,
        0,
        0,
        0,
        0,
        null,
        0,
        0,
        0,
        0,
        0,
        0,
        0,
        0,
        null,
        0,
        0,
        0,
        0,
        0,
        0,
        null,
        0,
        null,
        0,
        0,
        0,
        null,
        0,
        0,
        0,
        0,
        0,
        0,
        0,
        0,
        0,
        null,
        0,
        0,
        0,
        0,
        0,
        0,
        0,
        0,
        0,
        null,
        0,
        0,
        0,
        0,
        0,
        null,
        0,
        null,
        0,
        0,
        0,
        0,
        0,
        0,
        0,
        0,
        0,
        null,
        0,
        0,
        0,
        0,
        0,
        null,
        0,
        0,
        0,
        null,
        0,
        0,
        0,
        0,
        0,
        null,
        0,
        0,
        0,
        null,
        0,
        0,
        0,
        0,
        0,
        0,
        0,
        0,
        null,
        0,
        0,
        0,
        0,
        0,
        null,
        0,
        0,
        0,
        0
      ],
      "/Users/Socks/code/soniamontero/www/app/controllers/stripe_controller.rb": [
        0,
        0,
        null,
        0,
        0,
        0,
        null,
        0,
        null,
        0,
        0,
        0,
        0,
        0,
        0,
        0,
        0,
        0,
        null,
        0,
        0,
        0,
        0,
        0,
        0,
        0,
        0,
        0,
        null,
        0,
        0,
        0,
        0,
        0,
        0,
        0,
        0,
        0,
        null,
        0,
        0,
        0,
        0,
        0,
        0,
        0,
        0,
        null,
        0,
        0,
        null,
        0
      ],
      "/Users/Socks/code/soniamontero/www/app/controllers/admin/jobs_controller.rb": [
        0,
        0,
        null,
        null,
        null,
        0,
        0,
        0,
        null,
        null,
        null,
        0,
        0,
        null,
        null,
        0,
        0,
        0,
        null,
        null,
        0,
        0,
        null,
        null,
        null,
        0,
        0,
        0,
        0,
        0,
        0,
        0,
        0,
        0,
        0,
        0,
        null,
        null,
        null,
        0,
        0,
        0,
        0,
        0,
        0,
        0,
        0,
        0,
        null,
        null,
        null,
        0,
        0,
        0,
        0,
        0,
        0,
        null,
        0,
        null,
        0,
        0,
        0,
        null,
        null,
        null,
        null,
        0,
        0,
        0,
        0
      ],
      "/Users/Socks/code/soniamontero/www/app/controllers/admin/base_controller.rb": [
        0,
        0,
        0
      ],
      "/Users/Socks/code/soniamontero/www/app/controllers/admin/developers_controller.rb": [
        0,
        0,
        null,
        null,
        null,
        0,
        0,
        0,
        null,
        null,
        null,
        0,
        0,
        0,
        null,
        null,
        0,
        0,
        0,
        null,
        null,
        0,
        0,
        null,
        null,
        null,
        0,
        0,
        0,
        0,
        0,
        0,
        0,
        0,
        0,
        0,
        0,
        null,
        null,
        null,
        0,
        0,
        0,
        0,
        0,
        0,
        0,
        0,
        0,
        null,
        null,
        null,
        0,
        0,
        0,
        0,
        0,
        0,
        null,
        0,
        0,
        0,
        0,
        null,
        null,
        0,
        0,
        0,
        0
      ],
      "/Users/Socks/code/soniamontero/www/app/controllers/admin/applications_controller.rb": [
        0,
        0,
        null,
        0,
        0,
        0,
        null,
        0,
        0,
        0,
        0,
        null,
        0,
        null,
        0,
        0,
        0,
        0
      ],
      "/Users/Socks/code/soniamontero/www/app/controllers/admin/cultures_controller.rb": [
        0,
        0,
        null,
        null,
        null,
        0,
        0,
        0,
        null,
        null,
        null,
        0,
        0,
        null,
        null,
        0,
        0,
        0,
        null,
        null,
        0,
        0,
        null,
        null,
        null,
        0,
        0,
        null,
        0,
        0,
        0,
        0,
        0,
        0,
        0,
        0,
        null,
        null,
        null,
        0,
        0,
        0,
        0,
        0,
        0,
        0,
        0,
        0,
        null,
        null,
        null,
        0,
        0,
        0,
        0,
        0,
        0,
        null,
        0,
        null,
        0,
        0,
        0,
        null,
        null,
        0,
        0,
        0,
        0
      ],
      "/Users/Socks/code/soniamontero/www/app/controllers/admin/benefits_controller.rb": [
        0,
        0,
        null,
        null,
        null,
        0,
        0,
        0,
        null,
        null,
        null,
        0,
        0,
        null,
        null,
        0,
        0,
        0,
        null,
        null,
        0,
        0,
        null,
        null,
        null,
        0,
        0,
        null,
        0,
        0,
        0,
        0,
        0,
        0,
        0,
        0,
        null,
        null,
        null,
        0,
        0,
        0,
        0,
        0,
        0,
        0,
        0,
        0,
        null,
        null,
        null,
        0,
        0,
        0,
        0,
        0,
        0,
        null,
        0,
        null,
        0,
        0,
        0,
        null,
        null,
        0,
        0,
        0,
        0
      ],
      "/Users/Socks/code/soniamontero/www/app/controllers/admin/companies_controller.rb": [
        0,
        0,
        null,
        0,
        0,
        0,
        null,
        0,
        0,
        null,
        0,
        0,
        0,
        null,
        0,
        0,
        null,
        0,
        0,
        null,
        0,
        0,
        0,
        0,
        0,
        0,
        0,
        0,
        null,
        0,
        0,
        0,
        0,
        0,
        0,
        0,
        0,
        0,
        null,
        0,
        0,
        0,
        0,
        0,
        0,
        null,
        0,
        0,
        0,
        0,
        null,
        0,
        0,
        0,
        0
      ],
      "/Users/Socks/code/soniamontero/www/app/controllers/admin/competences_controller.rb": [
        0,
        0,
        null,
        null,
        null,
        0,
        0,
        0,
        null,
        null,
        null,
        0,
        0,
        null,
        null,
        0,
        0,
        0,
        null,
        null,
        0,
        0,
        null,
        null,
        null,
        0,
        0,
        null,
        0,
        0,
        0,
        0,
        0,
        0,
        0,
        0,
        null,
        null,
        null,
        0,
        0,
        0,
        0,
        0,
        0,
        0,
        0,
        0,
        null,
        null,
        null,
        0,
        0,
        0,
        0,
        0,
        0,
        null,
        0,
        null,
        0,
        0,
        0,
        null,
        null,
        0,
        0,
        0,
        0
      ],
      "/Users/Socks/code/soniamontero/www/app/controllers/admin/recruiters_controller.rb": [
        0,
        0,
        null,
        null,
        null,
        0,
        0,
        0,
        null,
        null,
        null,
        0,
        null,
        null,
        0,
        0,
        0,
        null,
        null,
        0,
        null,
        null,
        null,
        0,
        0,
        0,
        0,
        0,
        0,
        0,
        0,
        0,
        0,
        0,
        null,
        null,
        null,
        0,
        0,
        0,
        0,
        0,
        0,
        0,
        0,
        0,
        null,
        null,
        null,
        0,
        0,
        0,
        0,
        0,
        0,
        null,
        0,
        null,
        null,
        0,
        0,
        0,
        null,
        null,
        null,
        0,
        0,
        0,
        0
      ],
      "/Users/Socks/code/soniamontero/www/app/controllers/admin/dashboard_controller.rb": [
        0,
        0,
        0,
        0,
        0,
        0,
        0,
        0,
        0
      ]
    },
    "timestamp": 1533103530
  }
}
